<?xml version="1.0" encoding="UTF-8"?>
<testsuite name="InjectedTest" time="1.832" tests="8" errors="0" skipped="0" failures="0">
  <properties>
[...]
</properties>
  <testcase name="index.jelly" classname="org.jvnet.hudson.test.JellyTestSuiteBuilder$JellyCheck" time="0.041"/>
  <testcase name="org\jenkinsci\plugins\IBM_zOS_Connector\SCLMChangeLogSet\digest.jelly" classname="org.jvnet.hudson.test.JellyTestSuiteBuilder$JellyCheck" time="0.072"/>
  <testcase name="org\jenkinsci\plugins\IBM_zOS_Connector\SCLMChangeLogSet\index.jelly" classname="org.jvnet.hudson.test.JellyTestSuiteBuilder$JellyCheck" time="0.023"/>
  <testcase name="org\jenkinsci\plugins\IBM_zOS_Connector\SCLMSCM\config.jelly" classname="org.jvnet.hudson.test.JellyTestSuiteBuilder$JellyCheck" time="0.372"/>
  <testcase name="org\jenkinsci\plugins\IBM_zOS_Connector\SCLMSCM\global.jelly" classname="org.jvnet.hudson.test.JellyTestSuiteBuilder$JellyCheck" time="0.076"/>
  <testcase name="org\jenkinsci\plugins\IBM_zOS_Connector\zOSJobSubmitter\config.jelly" classname="org.jvnet.hudson.test.JellyTestSuiteBuilder$JellyCheck" time="0.111"/>
  <testcase name="org.jvnet.hudson.test.JellyTestSuiteBuilder$JellyTestSuite" classname="org.jvnet.hudson.test.junit.FailedTest" time="0"/>
  <testcase name="testCliSanity" classname="org.jvnet.hudson.test.PluginAutomaticTestBuilder$CliSanityTest" time="1.137"/>
</testsuite>